<?xml version="1.0" encoding="UTF-8"?>
<testsuite xmlns:xsi="http://www.w3.org/2001/XMLSchema-instance" xsi:noNamespaceSchemaLocation="https://maven.apache.org/surefire/maven-surefire-plugin/xsd/surefire-test-report-3.0.xsd" version="3.0" name="com.live.commerce.base.service.LiveCallbackServiceTest" time="0.005" tests="4" errors="0" skipped="0" failures="0">
  <properties>
[...]
</properties>
  <testcase name="should update room status to live on publish" classname="com.live.commerce.base.service.LiveCallbackServiceTest" time="0.001"/>
  <testcase name="should update room status to ended on unpublish" classname="com.live.commerce.base.service.LiveCallbackServiceTest" time="0.002"/>
  <testcase name="should throw exception when stream key not found on publish" classname="com.live.commerce.base.service.LiveCallbackServiceTest" time="0.0"/>
  <testcase name="should throw exception when stream key not found on unpublish" classname="com.live.commerce.base.service.LiveCallbackServiceTest" time="0.001"/>
</testsuite>