<?xml version="1.0" encoding="UTF-8"?>
<testsuite xmlns:xsi="http://www.w3.org/2001/XMLSchema-instance" xsi:noNamespaceSchemaLocation="https://maven.apache.org/surefire/maven-surefire-plugin/xsd/surefire-test-report-3.0.xsd" version="3.0" name="com.live.commerce.mall.E2EAndSecurityTest" time="0.253" tests="5" errors="0" skipped="0" failures="0">
  <properties>
[...]
</properties>
  <testcase name="should complete shopping journey - browse products and create order and pay" classname="com.live.commerce.mall.E2EAndSecurityTest" time="0.071">
    <system-out><![CDATA[2026-02-16T08:21:52.502+08:00  INFO 24415 --- [mall-service] [           main] t.c.s.AnnotationConfigContextLoaderUtils : Could not detect default configuration classes for test class [com.live.commerce.mall.E2EAndSecurityTest]: E2EAndSecurityTest does not declare any static, non-private, non-final, nested classes annotated with @Configuration.
2026-02-16T08:21:52.504+08:00  INFO 24415 --- [mall-service] [           main] .b.t.c.SpringBootTestContextBootstrapper : Found @SpringBootConfiguration com.live.commerce.mall.MallServiceApplication for test class com.live.commerce.mall.E2EAndSecurityTest
Hibernate: select oi1_0.id,oi1_0.order_id,oi1_0.price,oi1_0.product_id,oi1_0.product_name,oi1_0.quantity from order_item oi1_0
Hibernate: delete from order_item where id=?
Hibernate: delete from order_item where id=?
Hibernate: select o1_0.id,o1_0.created_at,o1_0.order_no,o1_0.status,o1_0.total_amount,o1_0.updated_at,o1_0.user_id from `order` o1_0
Hibernate: delete from `order` where id=?
Hibernate: select p1_0.id,p1_0.created_at,p1_0.description,p1_0.image,p1_0.name,p1_0.price,p1_0.room_id,p1_0.status,p1_0.stock,p1_0.updated_at from product p1_0
Hibernate: delete from product where id=?
Hibernate: delete from product where id=?
Hibernate: insert into product (created_at,description,image,name,price,room_id,status,stock,updated_at) values (?,?,?,?,?,?,?,?,?)
Hibernate: select p1_0.id,p1_0.created_at,p1_0.description,p1_0.image,p1_0.name,p1_0.price,p1_0.room_id,p1_0.status,p1_0.stock,p1_0.updated_at from product p1_0 where p1_0.id=?
Hibernate: update product set stock=(stock-?) where id=? and stock>=?
Hibernate: insert into `order` (created_at,order_no,status,total_amount,updated_at,user_id) values (?,?,?,?,?,?)
Hibernate: insert into order_item (order_id,price,product_id,product_name,quantity) values (?,?,?,?,?)
Hibernate: select oi1_0.id,oi1_0.order_id,oi1_0.price,oi1_0.product_id,oi1_0.product_name,oi1_0.quantity from order_item oi1_0 where oi1_0.order_id=?
Hibernate: select p1_0.id,p1_0.created_at,p1_0.description,p1_0.image,p1_0.name,p1_0.price,p1_0.room_id,p1_0.status,p1_0.stock,p1_0.updated_at from product p1_0 where p1_0.id=?
Hibernate: select o1_0.id,o1_0.created_at,o1_0.order_no,o1_0.status,o1_0.total_amount,o1_0.updated_at,o1_0.user_id from `order` o1_0 where o1_0.id=?
Hibernate: select oi1_0.id,oi1_0.order_id,oi1_0.price,oi1_0.product_id,oi1_0.product_name,oi1_0.quantity from order_item oi1_0 where oi1_0.order_id=?
Hibernate: update `order` set created_at=?,order_no=?,status=?,total_amount=?,updated_at=?,user_id=? where id=?
Hibernate: select p1_0.id,p1_0.created_at,p1_0.description,p1_0.image,p1_0.name,p1_0.price,p1_0.room_id,p1_0.status,p1_0.stock,p1_0.updated_at from product p1_0 where p1_0.id=?
]]></system-out>
  </testcase>
  <testcase name="should verify cross-service feign call during order creation" classname="com.live.commerce.mall.E2EAndSecurityTest" time="0.044">
    <system-out><![CDATA[Hibernate: select oi1_0.id,oi1_0.order_id,oi1_0.price,oi1_0.product_id,oi1_0.product_name,oi1_0.quantity from order_item oi1_0
Hibernate: delete from order_item where id=?
Hibernate: select o1_0.id,o1_0.created_at,o1_0.order_no,o1_0.status,o1_0.total_amount,o1_0.updated_at,o1_0.user_id from `order` o1_0
Hibernate: delete from `order` where id=?
Hibernate: select p1_0.id,p1_0.created_at,p1_0.description,p1_0.image,p1_0.name,p1_0.price,p1_0.room_id,p1_0.status,p1_0.stock,p1_0.updated_at from product p1_0
Hibernate: delete from product where id=?
Hibernate: insert into product (created_at,description,image,name,price,room_id,status,stock,updated_at) values (?,?,?,?,?,?,?,?,?)
Hibernate: select p1_0.id,p1_0.created_at,p1_0.description,p1_0.image,p1_0.name,p1_0.price,p1_0.room_id,p1_0.status,p1_0.stock,p1_0.updated_at from product p1_0 where p1_0.id=?
Hibernate: update product set stock=(stock-?) where id=? and stock>=?
Hibernate: insert into `order` (created_at,order_no,status,total_amount,updated_at,user_id) values (?,?,?,?,?,?)
Hibernate: insert into order_item (order_id,price,product_id,product_name,quantity) values (?,?,?,?,?)
Hibernate: select oi1_0.id,oi1_0.order_id,oi1_0.price,oi1_0.product_id,oi1_0.product_name,oi1_0.quantity from order_item oi1_0 where oi1_0.order_id=?
]]></system-out>
  </testcase>
  <testcase name="should reject order creation when feign returns user not found" classname="com.live.commerce.mall.E2EAndSecurityTest" time="0.037">
    <system-out><![CDATA[Hibernate: select oi1_0.id,oi1_0.order_id,oi1_0.price,oi1_0.product_id,oi1_0.product_name,oi1_0.quantity from order_item oi1_0
Hibernate: delete from order_item where id=?
Hibernate: select o1_0.id,o1_0.created_at,o1_0.order_no,o1_0.status,o1_0.total_amount,o1_0.updated_at,o1_0.user_id from `order` o1_0
Hibernate: delete from `order` where id=?
Hibernate: select p1_0.id,p1_0.created_at,p1_0.description,p1_0.image,p1_0.name,p1_0.price,p1_0.room_id,p1_0.status,p1_0.stock,p1_0.updated_at from product p1_0
Hibernate: delete from product where id=?
Hibernate: insert into product (created_at,description,image,name,price,room_id,status,stock,updated_at) values (?,?,?,?,?,?,?,?,?)
2026-02-16T08:21:52.651+08:00  WARN 24415 --- [mall-service] [           main] c.l.c.c.e.GlobalExceptionHandler         : Business exception: code=1001, message=用户不存在
]]></system-out>
  </testcase>
  <testcase name="should complete cancel journey - create order then cancel and verify stock restored" classname="com.live.commerce.mall.E2EAndSecurityTest" time="0.052">
    <system-out><![CDATA[Hibernate: select oi1_0.id,oi1_0.order_id,oi1_0.price,oi1_0.product_id,oi1_0.product_name,oi1_0.quantity from order_item oi1_0
Hibernate: select o1_0.id,o1_0.created_at,o1_0.order_no,o1_0.status,o1_0.total_amount,o1_0.updated_at,o1_0.user_id from `order` o1_0
Hibernate: select p1_0.id,p1_0.created_at,p1_0.description,p1_0.image,p1_0.name,p1_0.price,p1_0.room_id,p1_0.status,p1_0.stock,p1_0.updated_at from product p1_0
Hibernate: delete from product where id=?
Hibernate: insert into product (created_at,description,image,name,price,room_id,status,stock,updated_at) values (?,?,?,?,?,?,?,?,?)
Hibernate: select p1_0.id,p1_0.created_at,p1_0.description,p1_0.image,p1_0.name,p1_0.price,p1_0.room_id,p1_0.status,p1_0.stock,p1_0.updated_at from product p1_0 where p1_0.id=?
Hibernate: update product set stock=(stock-?) where id=? and stock>=?
Hibernate: insert into `order` (created_at,order_no,status,total_amount,updated_at,user_id) values (?,?,?,?,?,?)
Hibernate: insert into order_item (order_id,price,product_id,product_name,quantity) values (?,?,?,?,?)
Hibernate: select oi1_0.id,oi1_0.order_id,oi1_0.price,oi1_0.product_id,oi1_0.product_name,oi1_0.quantity from order_item oi1_0 where oi1_0.order_id=?
Hibernate: select p1_0.id,p1_0.created_at,p1_0.description,p1_0.image,p1_0.name,p1_0.price,p1_0.room_id,p1_0.status,p1_0.stock,p1_0.updated_at from product p1_0 where p1_0.id=?
Hibernate: select o1_0.id,o1_0.created_at,o1_0.order_no,o1_0.status,o1_0.total_amount,o1_0.updated_at,o1_0.user_id from `order` o1_0 where o1_0.id=?
Hibernate: select oi1_0.id,oi1_0.order_id,oi1_0.price,oi1_0.product_id,oi1_0.product_name,oi1_0.quantity from order_item oi1_0 where oi1_0.order_id=?
Hibernate: update product set stock=(stock+?) where id=?
Hibernate: update `order` set created_at=?,order_no=?,status=?,total_amount=?,updated_at=?,user_id=? where id=?
Hibernate: select p1_0.id,p1_0.created_at,p1_0.description,p1_0.image,p1_0.name,p1_0.price,p1_0.room_id,p1_0.status,p1_0.stock,p1_0.updated_at from product p1_0 where p1_0.id=?
]]></system-out>
  </testcase>
  <testcase name="should deny user from accessing another user order" classname="com.live.commerce.mall.E2EAndSecurityTest" time="0.041">
    <system-out><![CDATA[Hibernate: select oi1_0.id,oi1_0.order_id,oi1_0.price,oi1_0.product_id,oi1_0.product_name,oi1_0.quantity from order_item oi1_0
Hibernate: delete from order_item where id=?
Hibernate: select o1_0.id,o1_0.created_at,o1_0.order_no,o1_0.status,o1_0.total_amount,o1_0.updated_at,o1_0.user_id from `order` o1_0
Hibernate: delete from `order` where id=?
Hibernate: select p1_0.id,p1_0.created_at,p1_0.description,p1_0.image,p1_0.name,p1_0.price,p1_0.room_id,p1_0.status,p1_0.stock,p1_0.updated_at from product p1_0
Hibernate: delete from product where id=?
Hibernate: insert into product (created_at,description,image,name,price,room_id,status,stock,updated_at) values (?,?,?,?,?,?,?,?,?)
Hibernate: select p1_0.id,p1_0.created_at,p1_0.description,p1_0.image,p1_0.name,p1_0.price,p1_0.room_id,p1_0.status,p1_0.stock,p1_0.updated_at from product p1_0 where p1_0.id=?
Hibernate: update product set stock=(stock-?) where id=? and stock>=?
Hibernate: insert into `order` (created_at,order_no,status,total_amount,updated_at,user_id) values (?,?,?,?,?,?)
Hibernate: insert into order_item (order_id,price,product_id,product_name,quantity) values (?,?,?,?,?)
Hibernate: select oi1_0.id,oi1_0.order_id,oi1_0.price,oi1_0.product_id,oi1_0.product_name,oi1_0.quantity from order_item oi1_0 where oi1_0.order_id=?
Hibernate: select o1_0.id,o1_0.created_at,o1_0.order_no,o1_0.status,o1_0.total_amount,o1_0.updated_at,o1_0.user_id from `order` o1_0 where o1_0.id=?
2026-02-16T08:21:52.748+08:00  WARN 24415 --- [mall-service] [           main] c.l.c.c.e.GlobalExceptionHandler         : Business exception: code=403, message=无权限
]]></system-out>
  </testcase>
</testsuite>