<?xml version="1.0" encoding="UTF-8"?>
<testsuite xmlns:xsi="http://www.w3.org/2001/XMLSchema-instance" xsi:noNamespaceSchemaLocation="https://maven.apache.org/surefire/maven-surefire-plugin/xsd/surefire-test-report-3.0.xsd" version="3.0" name="com.live.commerce.gateway.GatewayRoutingTest" time="0.863" tests="9" errors="0" skipped="0" failures="0">
  <properties>
[...]
</properties>
  <testcase name="should allow access to SRS callback without token" classname="com.live.commerce.gateway.GatewayRoutingTest" time="0.152">
    <system-out><![CDATA[2026-02-16T08:21:03.602+08:00  INFO 23908 --- [gateway] [           main] t.c.s.AnnotationConfigContextLoaderUtils : Could not detect default configuration classes for test class [com.live.commerce.gateway.GatewayRoutingTest]: GatewayRoutingTest does not declare any static, non-private, non-final, nested classes annotated with @Configuration.
2026-02-16T08:21:03.605+08:00  INFO 23908 --- [gateway] [           main] .b.t.c.SpringBootTestContextBootstrapper : Found @SpringBootConfiguration com.live.commerce.gateway.GatewayApplication for test class com.live.commerce.gateway.GatewayRoutingTest
2026-02-16T08:21:03.606+08:00  INFO 23908 --- [gateway] [           main] tc.redis:7                               : Creating container for image: redis:7
2026-02-16T08:21:03.644+08:00  INFO 23908 --- [gateway] [           main] tc.redis:7                               : Container redis:7 is starting: 570dbb88e0ba35eb149ba74a24b247f6966b8be161e8f28027dd3cbe36d80d5a
2026-02-16T08:21:03.838+08:00  INFO 23908 --- [gateway] [           main] tc.redis:7                               : Container redis:7 started in PT0.231885S

  .   ____          _            __ _ _
 /\\ / ___'_ __ _ _(_)_ __  __ _ \ \ \ \
( ( )\___ | '_ | '_| | '_ \/ _` | \ \ \ \
 \\/  ___)| |_)| | | | | || (_| |  ) ) ) )
  '  |____| .__|_| |_|_| |_\__, | / / / /
 =========|_|==============|___/=/_/_/_/
 :: Spring Boot ::                (v3.2.5)

2026-02-16T08:21:03.860+08:00  INFO 23908 --- [gateway] [           main] c.l.commerce.gateway.GatewayRoutingTest  : Starting GatewayRoutingTest using Java 17.0.14 with PID 23908 (started by linghua in /Users/linghua/dangzi/live-commerce/gateway)
2026-02-16T08:21:03.860+08:00  INFO 23908 --- [gateway] [           main] c.l.commerce.gateway.GatewayRoutingTest  : No active profile set, falling back to 1 default profile: "default"
2026-02-16T08:21:03.931+08:00  INFO 23908 --- [gateway] [           main] .s.d.r.c.RepositoryConfigurationDelegate : Multiple Spring Data modules found, entering strict repository configuration mode
2026-02-16T08:21:03.931+08:00  INFO 23908 --- [gateway] [           main] .s.d.r.c.RepositoryConfigurationDelegate : Bootstrapping Spring Data Redis repositories in DEFAULT mode.
2026-02-16T08:21:03.932+08:00  INFO 23908 --- [gateway] [           main] .s.d.r.c.RepositoryConfigurationDelegate : Finished Spring Data repository scanning in 1 ms. Found 0 Redis repository interfaces.
2026-02-16T08:21:03.947+08:00  INFO 23908 --- [gateway] [           main] o.s.cloud.context.scope.GenericScope     : BeanFactory id=0d237bb9-df36-316b-954b-def7f075eb8e
2026-02-16T08:21:04.024+08:00  INFO 23908 --- [gateway] [           main] o.s.c.g.r.RouteDefinitionRouteLocator    : Loaded RoutePredicateFactory [After]
2026-02-16T08:21:04.024+08:00  INFO 23908 --- [gateway] [           main] o.s.c.g.r.RouteDefinitionRouteLocator    : Loaded RoutePredicateFactory [Before]
2026-02-16T08:21:04.024+08:00  INFO 23908 --- [gateway] [           main] o.s.c.g.r.RouteDefinitionRouteLocator    : Loaded RoutePredicateFactory [Between]
2026-02-16T08:21:04.024+08:00  INFO 23908 --- [gateway] [           main] o.s.c.g.r.RouteDefinitionRouteLocator    : Loaded RoutePredicateFactory [Cookie]
2026-02-16T08:21:04.024+08:00  INFO 23908 --- [gateway] [           main] o.s.c.g.r.RouteDefinitionRouteLocator    : Loaded RoutePredicateFactory [Header]
2026-02-16T08:21:04.024+08:00  INFO 23908 --- [gateway] [           main] o.s.c.g.r.RouteDefinitionRouteLocator    : Loaded RoutePredicateFactory [Host]
2026-02-16T08:21:04.024+08:00  INFO 23908 --- [gateway] [           main] o.s.c.g.r.RouteDefinitionRouteLocator    : Loaded RoutePredicateFactory [Method]
2026-02-16T08:21:04.024+08:00  INFO 23908 --- [gateway] [           main] o.s.c.g.r.RouteDefinitionRouteLocator    : Loaded RoutePredicateFactory [Path]
2026-02-16T08:21:04.024+08:00  INFO 23908 --- [gateway] [           main] o.s.c.g.r.RouteDefinitionRouteLocator    : Loaded RoutePredicateFactory [Query]
2026-02-16T08:21:04.025+08:00  INFO 23908 --- [gateway] [           main] o.s.c.g.r.RouteDefinitionRouteLocator    : Loaded RoutePredicateFactory [ReadBody]
2026-02-16T08:21:04.025+08:00  INFO 23908 --- [gateway] [           main] o.s.c.g.r.RouteDefinitionRouteLocator    : Loaded RoutePredicateFactory [RemoteAddr]
2026-02-16T08:21:04.025+08:00  INFO 23908 --- [gateway] [           main] o.s.c.g.r.RouteDefinitionRouteLocator    : Loaded RoutePredicateFactory [XForwardedRemoteAddr]
2026-02-16T08:21:04.025+08:00  INFO 23908 --- [gateway] [           main] o.s.c.g.r.RouteDefinitionRouteLocator    : Loaded RoutePredicateFactory [Weight]
2026-02-16T08:21:04.025+08:00  INFO 23908 --- [gateway] [           main] o.s.c.g.r.RouteDefinitionRouteLocator    : Loaded RoutePredicateFactory [CloudFoundryRouteService]
____ ____    ___ ____ _  _ ____ _  _ 
[__  |__| __  |  |  | |_/  |___ |\ | 
___] |  |     |  |__| | \_ |___ | \| 
https://sa-token.cc (v1.38.0)
2026-02-16T08:21:04.096+08:00  INFO 23908 --- [gateway] [           main] o.s.b.web.embedded.netty.NettyWebServer  : Netty started on port 51177
2026-02-16T08:21:04.109+08:00  INFO 23908 --- [gateway] [           main] c.l.commerce.gateway.GatewayRoutingTest  : Started GatewayRoutingTest in 0.27 seconds (process running for 3.716)
2026-02-16T08:21:04.228+08:00 ERROR 23908 --- [gateway] [ctor-http-nio-4] a.w.r.e.AbstractErrorWebExceptionHandler : [8ac546c8-1]  500 Server Error for HTTP POST "/api/live/callback/on_publish"

io.netty.channel.AbstractChannel$AnnotatedConnectException: Connection refused: localhost/[0:0:0:0:0:0:0:1]:9001
	Suppressed: reactor.core.publisher.FluxOnAssembly$OnAssemblyException: 
Error has been observed at the following site(s):
	*__checkpoint ⇢ org.springframework.web.cors.reactive.CorsWebFilter [DefaultWebFilterChain]
	*__checkpoint ⇢ org.springframework.cloud.gateway.filter.WeightCalculatorWebFilter [DefaultWebFilterChain]
	*__checkpoint ⇢ cn.dev33.satoken.reactor.filter.SaReactorFilter [DefaultWebFilterChain]
	*__checkpoint ⇢ cn.dev33.satoken.reactor.filter.SaPathCheckFilterForReactor [DefaultWebFilterChain]
	*__checkpoint ⇢ HTTP POST "/api/live/callback/on_publish" [ExceptionHandlingWebHandler]
Original Stack Trace:
Caused by: java.net.ConnectException: Connection refused
	at java.base/sun.nio.ch.Net.pollConnect(Native Method) ~[na:na]
	at java.base/sun.nio.ch.Net.pollConnectNow(Net.java:672) ~[na:na]
	at java.base/sun.nio.ch.SocketChannelImpl.finishConnect(SocketChannelImpl.java:946) ~[na:na]
	at io.netty.channel.socket.nio.NioSocketChannel.doFinishConnect(NioSocketChannel.java:337) ~[netty-transport-4.1.109.Final.jar:4.1.109.Final]
	at io.netty.channel.nio.AbstractNioChannel$AbstractNioUnsafe.finishConnect(AbstractNioChannel.java:339) ~[netty-transport-4.1.109.Final.jar:4.1.109.Final]
	at io.netty.channel.nio.NioEventLoop.processSelectedKey(NioEventLoop.java:776) ~[netty-transport-4.1.109.Final.jar:4.1.109.Final]
	at io.netty.channel.nio.NioEventLoop.processSelectedKeysOptimized(NioEventLoop.java:724) ~[netty-transport-4.1.109.Final.jar:4.1.109.Final]
	at io.netty.channel.nio.NioEventLoop.processSelectedKeys(NioEventLoop.java:650) ~[netty-transport-4.1.109.Final.jar:4.1.109.Final]
	at io.netty.channel.nio.NioEventLoop.run(NioEventLoop.java:562) ~[netty-transport-4.1.109.Final.jar:4.1.109.Final]
	at io.netty.util.concurrent.SingleThreadEventExecutor$4.run(SingleThreadEventExecutor.java:997) ~[netty-common-4.1.109.Final.jar:4.1.109.Final]
	at io.netty.util.internal.ThreadExecutorMap$2.run(ThreadExecutorMap.java:74) ~[netty-common-4.1.109.Final.jar:4.1.109.Final]
	at io.netty.util.concurrent.FastThreadLocalRunnable.run(FastThreadLocalRunnable.java:30) ~[netty-common-4.1.109.Final.jar:4.1.109.Final]
	at java.base/java.lang.Thread.run(Thread.java:840) ~[na:na]

]]></system-out>
  </testcase>
  <testcase name="should reject order API without token" classname="com.live.commerce.gateway.GatewayRoutingTest" time="0.02"/>
  <testcase name="should reject product API without token" classname="com.live.commerce.gateway.GatewayRoutingTest" time="0.003"/>
  <testcase name="should have mall service product route configured" classname="com.live.commerce.gateway.GatewayRoutingTest" time="0.003"/>
  <testcase name="should reject live room creation without token" classname="com.live.commerce.gateway.GatewayRoutingTest" time="0.003"/>
  <testcase name="should allow access to register without token" classname="com.live.commerce.gateway.GatewayRoutingTest" time="0.006">
    <system-out><![CDATA[2026-02-16T08:21:04.308+08:00 ERROR 23908 --- [gateway] [ctor-http-nio-4] a.w.r.e.AbstractErrorWebExceptionHandler : [8ac546c8-6]  500 Server Error for HTTP POST "/api/user/register"

io.netty.channel.AbstractChannel$AnnotatedConnectException: Connection refused: localhost/[0:0:0:0:0:0:0:1]:9001
	Suppressed: reactor.core.publisher.FluxOnAssembly$OnAssemblyException: 
Error has been observed at the following site(s):
	*__checkpoint ⇢ org.springframework.web.cors.reactive.CorsWebFilter [DefaultWebFilterChain]
	*__checkpoint ⇢ org.springframework.cloud.gateway.filter.WeightCalculatorWebFilter [DefaultWebFilterChain]
	*__checkpoint ⇢ cn.dev33.satoken.reactor.filter.SaReactorFilter [DefaultWebFilterChain]
	*__checkpoint ⇢ cn.dev33.satoken.reactor.filter.SaPathCheckFilterForReactor [DefaultWebFilterChain]
	*__checkpoint ⇢ HTTP POST "/api/user/register" [ExceptionHandlingWebHandler]
Original Stack Trace:
Caused by: java.net.ConnectException: Connection refused
	at java.base/sun.nio.ch.Net.pollConnect(Native Method) ~[na:na]
	at java.base/sun.nio.ch.Net.pollConnectNow(Net.java:672) ~[na:na]
	at java.base/sun.nio.ch.SocketChannelImpl.finishConnect(SocketChannelImpl.java:946) ~[na:na]
	at io.netty.channel.socket.nio.NioSocketChannel.doFinishConnect(NioSocketChannel.java:337) ~[netty-transport-4.1.109.Final.jar:4.1.109.Final]
	at io.netty.channel.nio.AbstractNioChannel$AbstractNioUnsafe.finishConnect(AbstractNioChannel.java:339) ~[netty-transport-4.1.109.Final.jar:4.1.109.Final]
	at io.netty.channel.nio.NioEventLoop.processSelectedKey(NioEventLoop.java:776) ~[netty-transport-4.1.109.Final.jar:4.1.109.Final]
	at io.netty.channel.nio.NioEventLoop.processSelectedKeysOptimized(NioEventLoop.java:724) ~[netty-transport-4.1.109.Final.jar:4.1.109.Final]
	at io.netty.channel.nio.NioEventLoop.processSelectedKeys(NioEventLoop.java:650) ~[netty-transport-4.1.109.Final.jar:4.1.109.Final]
	at io.netty.channel.nio.NioEventLoop.run(NioEventLoop.java:562) ~[netty-transport-4.1.109.Final.jar:4.1.109.Final]
	at io.netty.util.concurrent.SingleThreadEventExecutor$4.run(SingleThreadEventExecutor.java:997) ~[netty-common-4.1.109.Final.jar:4.1.109.Final]
	at io.netty.util.internal.ThreadExecutorMap$2.run(ThreadExecutorMap.java:74) ~[netty-common-4.1.109.Final.jar:4.1.109.Final]
	at io.netty.util.concurrent.FastThreadLocalRunnable.run(FastThreadLocalRunnable.java:30) ~[netty-common-4.1.109.Final.jar:4.1.109.Final]
	at java.base/java.lang.Thread.run(Thread.java:840) ~[na:na]

]]></system-out>
  </testcase>
  <testcase name="should have base service user route configured" classname="com.live.commerce.gateway.GatewayRoutingTest" time="0.003"/>
  <testcase name="should reject protected route when no token provided" classname="com.live.commerce.gateway.GatewayRoutingTest" time="0.002"/>
  <testcase name="should allow access to login without token" classname="com.live.commerce.gateway.GatewayRoutingTest" time="0.005">
    <system-out><![CDATA[2026-02-16T08:21:04.321+08:00 ERROR 23908 --- [gateway] [ctor-http-nio-4] a.w.r.e.AbstractErrorWebExceptionHandler : [8ac546c8-9]  500 Server Error for HTTP POST "/api/user/login"

io.netty.channel.AbstractChannel$AnnotatedConnectException: Connection refused: localhost/[0:0:0:0:0:0:0:1]:9001
	Suppressed: reactor.core.publisher.FluxOnAssembly$OnAssemblyException: 
Error has been observed at the following site(s):
	*__checkpoint ⇢ org.springframework.web.cors.reactive.CorsWebFilter [DefaultWebFilterChain]
	*__checkpoint ⇢ org.springframework.cloud.gateway.filter.WeightCalculatorWebFilter [DefaultWebFilterChain]
	*__checkpoint ⇢ cn.dev33.satoken.reactor.filter.SaReactorFilter [DefaultWebFilterChain]
	*__checkpoint ⇢ cn.dev33.satoken.reactor.filter.SaPathCheckFilterForReactor [DefaultWebFilterChain]
	*__checkpoint ⇢ HTTP POST "/api/user/login" [ExceptionHandlingWebHandler]
Original Stack Trace:
Caused by: java.net.ConnectException: Connection refused
	at java.base/sun.nio.ch.Net.pollConnect(Native Method) ~[na:na]
	at java.base/sun.nio.ch.Net.pollConnectNow(Net.java:672) ~[na:na]
	at java.base/sun.nio.ch.SocketChannelImpl.finishConnect(SocketChannelImpl.java:946) ~[na:na]
	at io.netty.channel.socket.nio.NioSocketChannel.doFinishConnect(NioSocketChannel.java:337) ~[netty-transport-4.1.109.Final.jar:4.1.109.Final]
	at io.netty.channel.nio.AbstractNioChannel$AbstractNioUnsafe.finishConnect(AbstractNioChannel.java:339) ~[netty-transport-4.1.109.Final.jar:4.1.109.Final]
	at io.netty.channel.nio.NioEventLoop.processSelectedKey(NioEventLoop.java:776) ~[netty-transport-4.1.109.Final.jar:4.1.109.Final]
	at io.netty.channel.nio.NioEventLoop.processSelectedKeysOptimized(NioEventLoop.java:724) ~[netty-transport-4.1.109.Final.jar:4.1.109.Final]
	at io.netty.channel.nio.NioEventLoop.processSelectedKeys(NioEventLoop.java:650) ~[netty-transport-4.1.109.Final.jar:4.1.109.Final]
	at io.netty.channel.nio.NioEventLoop.run(NioEventLoop.java:562) ~[netty-transport-4.1.109.Final.jar:4.1.109.Final]
	at io.netty.util.concurrent.SingleThreadEventExecutor$4.run(SingleThreadEventExecutor.java:997) ~[netty-common-4.1.109.Final.jar:4.1.109.Final]
	at io.netty.util.internal.ThreadExecutorMap$2.run(ThreadExecutorMap.java:74) ~[netty-common-4.1.109.Final.jar:4.1.109.Final]
	at io.netty.util.concurrent.FastThreadLocalRunnable.run(FastThreadLocalRunnable.java:30) ~[netty-common-4.1.109.Final.jar:4.1.109.Final]
	at java.base/java.lang.Thread.run(Thread.java:840) ~[na:na]

]]></system-out>
  </testcase>
</testsuite>