<?xml version="1.0" encoding="UTF-8"?>
<testsuite xmlns:xsi="http://www.w3.org/2001/XMLSchema-instance" xsi:noNamespaceSchemaLocation="https://maven.apache.org/surefire/maven-surefire-plugin/xsd/surefire-test-report-3.0.xsd" version="3.0" name="com.live.commerce.gateway.GatewayApplicationTest" time="2.938" tests="1" errors="0" skipped="0" failures="0">
  <properties>
[...]
</properties>
  <testcase name="should load application context" classname="com.live.commerce.gateway.GatewayApplicationTest" time="0.397">
    <system-out><![CDATA[08:21:00.741 [main] INFO org.springframework.test.context.support.AnnotationConfigContextLoaderUtils -- Could not detect default configuration classes for test class [com.live.commerce.gateway.GatewayApplicationTest]: GatewayApplicationTest does not declare any static, non-private, non-final, nested classes annotated with @Configuration.
08:21:00.789 [main] INFO org.springframework.boot.test.context.SpringBootTestContextBootstrapper -- Found @SpringBootConfiguration com.live.commerce.gateway.GatewayApplication for test class com.live.commerce.gateway.GatewayApplicationTest
08:21:00.843 [main] INFO org.testcontainers.images.PullPolicy -- Image pull policy will be performed by: DefaultPullPolicy()
08:21:00.844 [main] INFO org.testcontainers.utility.ImageNameSubstitutor -- Image name substitution will be performed by: DefaultImageNameSubstitutor (composite of 'ConfigurationFileImageNameSubstitutor' and 'PrefixingImageNameSubstitutor')
08:21:00.957 [main] INFO org.testcontainers.dockerclient.DockerClientProviderStrategy -- Loaded org.testcontainers.dockerclient.UnixSocketClientProviderStrategy from ~/.testcontainers.properties, will try it first
08:21:01.080 [main] INFO org.testcontainers.dockerclient.DockerClientProviderStrategy -- Found Docker environment with local Unix socket (unix:///var/run/docker.sock)
08:21:01.081 [main] INFO org.testcontainers.DockerClientFactory -- Docker host IP address is localhost
08:21:01.093 [main] INFO org.testcontainers.DockerClientFactory -- Connected to docker: 
  Server Version: 28.3.3
  API Version: 1.51
  Operating System: Docker Desktop
  Total Memory: 7837 MB
08:21:01.146 [main] INFO tc.testcontainers/ryuk:0.6.0 -- Creating container for image: testcontainers/ryuk:0.6.0
08:21:01.259 [main] INFO org.testcontainers.utility.RegistryAuthLocator -- Credential helper/store (docker-credential-desktop) does not have credentials for https://index.docker.io/v1/
08:21:01.326 [main] INFO tc.testcontainers/ryuk:0.6.0 -- Container testcontainers/ryuk:0.6.0 is starting: 82e1838ee8f9bf6401a41d57bb1afcbaa06e2e9a68f99a1cf01f4689974aa43c
08:21:01.473 [main] INFO tc.testcontainers/ryuk:0.6.0 -- Container testcontainers/ryuk:0.6.0 started in PT0.326646S
08:21:01.476 [main] INFO org.testcontainers.utility.RyukResourceReaper -- Ryuk started - will monitor and terminate Testcontainers containers on JVM exit
08:21:01.477 [main] INFO org.testcontainers.DockerClientFactory -- Checking the system...
08:21:01.477 [main] INFO org.testcontainers.DockerClientFactory -- ✔︎ Docker server version should be at least 1.6.0
08:21:01.477 [main] INFO tc.redis:7 -- Creating container for image: redis:7
08:21:01.508 [main] INFO tc.redis:7 -- Container redis:7 is starting: 80ce1fa85b611857f56824e4451e336aed3a23bf0e5923ec7eb4f3def066cec7
08:21:01.697 [main] INFO tc.redis:7 -- Container redis:7 started in PT0.220208S

  .   ____          _            __ _ _
 /\\ / ___'_ __ _ _(_)_ __  __ _ \ \ \ \
( ( )\___ | '_ | '_| | '_ \/ _` | \ \ \ \
 \\/  ___)| |_)| | | | | || (_| |  ) ) ) )
  '  |____| .__|_| |_|_| |_\__, | / / / /
 =========|_|==============|___/=/_/_/_/
 :: Spring Boot ::                (v3.2.5)

2026-02-16T08:21:01.876+08:00  INFO 23908 --- [gateway] [           main] c.l.c.gateway.GatewayApplicationTest     : Starting GatewayApplicationTest using Java 17.0.14 with PID 23908 (started by linghua in /Users/linghua/dangzi/live-commerce/gateway)
2026-02-16T08:21:01.877+08:00  INFO 23908 --- [gateway] [           main] c.l.c.gateway.GatewayApplicationTest     : No active profile set, falling back to 1 default profile: "default"
2026-02-16T08:21:02.274+08:00  INFO 23908 --- [gateway] [           main] .s.d.r.c.RepositoryConfigurationDelegate : Multiple Spring Data modules found, entering strict repository configuration mode
2026-02-16T08:21:02.275+08:00  INFO 23908 --- [gateway] [           main] .s.d.r.c.RepositoryConfigurationDelegate : Bootstrapping Spring Data Redis repositories in DEFAULT mode.
2026-02-16T08:21:02.289+08:00  INFO 23908 --- [gateway] [           main] .s.d.r.c.RepositoryConfigurationDelegate : Finished Spring Data repository scanning in 7 ms. Found 0 Redis repository interfaces.
2026-02-16T08:21:02.375+08:00  INFO 23908 --- [gateway] [           main] o.s.cloud.context.scope.GenericScope     : BeanFactory id=ac1c1379-a07b-32c7-9cb8-df499cebb1b3
2026-02-16T08:21:02.570+08:00 ERROR 23908 --- [gateway] [           main] i.n.r.d.DnsServerAddressStreamProviders  : Unable to load io.netty.resolver.dns.macos.MacOSDnsServerAddressStreamProvider, fallback to system defaults. This may result in incorrect DNS resolutions on MacOS. Check whether you have a dependency on 'io.netty:netty-resolver-dns-native-macos'. Use DEBUG level to see the full stack: java.lang.UnsatisfiedLinkError: failed to load the required native library
2026-02-16T08:21:02.857+08:00  INFO 23908 --- [gateway] [           main] o.s.c.g.r.RouteDefinitionRouteLocator    : Loaded RoutePredicateFactory [After]
2026-02-16T08:21:02.857+08:00  INFO 23908 --- [gateway] [           main] o.s.c.g.r.RouteDefinitionRouteLocator    : Loaded RoutePredicateFactory [Before]
2026-02-16T08:21:02.857+08:00  INFO 23908 --- [gateway] [           main] o.s.c.g.r.RouteDefinitionRouteLocator    : Loaded RoutePredicateFactory [Between]
2026-02-16T08:21:02.857+08:00  INFO 23908 --- [gateway] [           main] o.s.c.g.r.RouteDefinitionRouteLocator    : Loaded RoutePredicateFactory [Cookie]
2026-02-16T08:21:02.857+08:00  INFO 23908 --- [gateway] [           main] o.s.c.g.r.RouteDefinitionRouteLocator    : Loaded RoutePredicateFactory [Header]
2026-02-16T08:21:02.857+08:00  INFO 23908 --- [gateway] [           main] o.s.c.g.r.RouteDefinitionRouteLocator    : Loaded RoutePredicateFactory [Host]
2026-02-16T08:21:02.857+08:00  INFO 23908 --- [gateway] [           main] o.s.c.g.r.RouteDefinitionRouteLocator    : Loaded RoutePredicateFactory [Method]
2026-02-16T08:21:02.857+08:00  INFO 23908 --- [gateway] [           main] o.s.c.g.r.RouteDefinitionRouteLocator    : Loaded RoutePredicateFactory [Path]
2026-02-16T08:21:02.857+08:00  INFO 23908 --- [gateway] [           main] o.s.c.g.r.RouteDefinitionRouteLocator    : Loaded RoutePredicateFactory [Query]
2026-02-16T08:21:02.857+08:00  INFO 23908 --- [gateway] [           main] o.s.c.g.r.RouteDefinitionRouteLocator    : Loaded RoutePredicateFactory [ReadBody]
2026-02-16T08:21:02.857+08:00  INFO 23908 --- [gateway] [           main] o.s.c.g.r.RouteDefinitionRouteLocator    : Loaded RoutePredicateFactory [RemoteAddr]
2026-02-16T08:21:02.857+08:00  INFO 23908 --- [gateway] [           main] o.s.c.g.r.RouteDefinitionRouteLocator    : Loaded RoutePredicateFactory [XForwardedRemoteAddr]
2026-02-16T08:21:02.857+08:00  INFO 23908 --- [gateway] [           main] o.s.c.g.r.RouteDefinitionRouteLocator    : Loaded RoutePredicateFactory [Weight]
2026-02-16T08:21:02.857+08:00  INFO 23908 --- [gateway] [           main] o.s.c.g.r.RouteDefinitionRouteLocator    : Loaded RoutePredicateFactory [CloudFoundryRouteService]
____ ____    ___ ____ _  _ ____ _  _ 
[__  |__| __  |  |  | |_/  |___ |\ | 
___] |  |     |  |__| | \_ |___ | \| 
https://sa-token.cc (v1.38.0)
2026-02-16T08:21:03.013+08:00  INFO 23908 --- [gateway] [           main] c.l.c.gateway.GatewayApplicationTest     : Started GatewayApplicationTest in 1.296 seconds (process running for 2.619)
]]></system-out>
  </testcase>
</testsuite>